<?xml version="1.0" encoding="UTF-8"?>
<!-- Generated by org.testng.reporters.JUnitXMLReporter -->
<testsuite hostname="SANDEEPINI" name="Default test" tests="3" failures="0" timestamp="16 Oct 2019 17:51:32 GMT" time="0.074" errors="0">
  <testcase name="testCreateUser" time="0.038" classname="com.actitime.test.CreateUser"/>
  <testcase name="testDeleteUser" time="0.002" classname="com.actitime.test.CreateUser"/>
  <testcase name="testEditUser" time="0.002" classname="com.actitime.test.CreateUser"/>
</testsuite> <!-- Default test -->
